# JRE version: OpenJDK Runtime Environment (17.0.1+12) (build 17.0.1+12-39)
# Java VM: OpenJDK 64-Bit Server VM (17.0.1+12-39, mixed mode, sharing, tiered, compressed oops, compressed class ptrs, g1 gc, windows-amd64)
GC Precious Log:
 CPUs: 12 total, 12 available
 Memory: 24431M
 Large Page Support: Disabled
 NUMA Support: Disabled
 Compressed Oops: Enabled (Zero based)
 Heap Region Size: 4M
 Heap Min Capacity: 8M
 Heap Initial Capacity: 384M
 Heap Max Capacity: 6108M
 Pre-touch: Disabled
 Parallel Workers: 10
 Concurrent Workers: 3
 Concurrent Refinement Workers: 10
 Periodic GC: Disabled
Heap:
 garbage-first heap   total 69632K, used 32566K [0x0000000682400000, 0x0000000800000000)
  region size 4096K, 5 young (20480K), 2 survivors (8192K)
 Metaspace       used 56261K, committed 56704K, reserved 1105920K
  class space    used 7471K, committed 7680K, reserved 1048576K
GC Heap History (20 events):
Event: 3.084 GC heap before
{Heap before GC invocations=2 (full 0):
 garbage-first heap   total 393216K, used 44394K [0x0000000682400000, 0x0000000800000000)
  region size 4096K, 11 young (45056K), 1 survivors (4096K)
 Metaspace       used 15004K, committed 15168K, reserved 1064960K
  class space    used 1851K, committed 1920K, reserved 1048576K
}
Event: 3.089 GC heap after
{Heap after GC invocations=3 (full 0):
 garbage-first heap   total 393216K, used 8874K [0x0000000682400000, 0x0000000800000000)
  region size 4096K, 1 young (4096K), 1 survivors (4096K)
 Metaspace       used 15004K, committed 15168K, reserved 1064960K
  class space    used 1851K, committed 1920K, reserved 1048576K
}
Event: 5.192 GC heap before
{Heap before GC invocations=3 (full 0):
 garbage-first heap   total 393216K, used 66218K [0x0000000682400000, 0x0000000800000000)
  region size 4096K, 17 young (69632K), 1 survivors (4096K)
 Metaspace       used 21224K, committed 21504K, reserved 1073152K
  class space    used 2661K, committed 2816K, reserved 1048576K
}
Event: 5.199 GC heap after
{Heap after GC invocations=4 (full 0):
 garbage-first heap   total 393216K, used 11806K [0x0000000682400000, 0x0000000800000000)
  region size 4096K, 2 young (8192K), 2 survivors (8192K)
 Metaspace       used 21224K, committed 21504K, reserved 1073152K
  class space    used 2661K, committed 2816K, reserved 1048576K
}
Event: 6.147 GC heap before
{Heap before GC invocations=5 (full 0):
 garbage-first heap   total 69632K, used 44574K [0x0000000682400000, 0x0000000800000000)
  region size 4096K, 10 young (40960K), 2 survivors (8192K)
 Metaspace       used 25261K, committed 25536K, reserved 1073152K
  class space    used 3172K, committed 3264K, reserved 1048576K
}
Event: 6.158 GC heap after
{Heap after GC invocations=6 (full 0):
 garbage-first heap   total 69632K, used 13757K [0x0000000682400000, 0x0000000800000000)
  region size 4096K, 2 young (8192K), 2 survivors (8192K)
 Metaspace       used 25261K, committed 25536K, reserved 1073152K
  class space    used 3172K, committed 3264K, reserved 1048576K
}
Event: 6.160 GC heap before
{Heap before GC invocations=6 (full 0):
 garbage-first heap   total 69632K, used 13757K [0x0000000682400000, 0x0000000800000000)
  region size 4096K, 3 young (12288K), 2 survivors (8192K)
 Metaspace       used 25261K, committed 25536K, reserved 1073152K
  class space    used 3172K, committed 3264K, reserved 1048576K
}
Event: 6.173 GC heap after
{Heap after GC invocations=7 (full 0):
 garbage-first heap   total 69632K, used 13792K [0x0000000682400000, 0x0000000800000000)
  region size 4096K, 1 young (4096K), 1 survivors (4096K)
 Metaspace       used 25261K, committed 25536K, reserved 1073152K
  class space    used 3172K, committed 3264K, reserved 1048576K
}
Event: 6.596 GC heap before
{Heap before GC invocations=7 (full 0):
 garbage-first heap   total 69632K, used 42464K [0x0000000682400000, 0x0000000800000000)
  region size 4096K, 9 young (36864K), 1 survivors (4096K)
 Metaspace       used 26826K, committed 27136K, reserved 1073152K
  class space    used 3385K, committed 3520K, reserved 1048576K
}
Event: 6.600 GC heap after
{Heap after GC invocations=8 (full 0):
 garbage-first heap   total 69632K, used 14440K [0x0000000682400000, 0x0000000800000000)
  region size 4096K, 1 young (4096K), 1 survivors (4096K)
 Metaspace       used 26826K, committed 27136K, reserved 1073152K
  class space    used 3385K, committed 3520K, reserved 1048576K
}
Event: 8.044 GC heap before
{Heap before GC invocations=8 (full 0):
 garbage-first heap   total 69632K, used 43112K [0x0000000682400000, 0x0000000800000000)
  region size 4096K, 9 young (36864K), 1 survivors (4096K)
 Metaspace       used 35735K, committed 35968K, reserved 1081344K
  class space    used 4762K, committed 4864K, reserved 1048576K
}
Event: 8.049 GC heap after
{Heap after GC invocations=9 (full 0):
 garbage-first heap   total 69632K, used 16072K [0x0000000682400000, 0x0000000800000000)
  region size 4096K, 2 young (8192K), 2 survivors (8192K)
 Metaspace       used 35735K, committed 35968K, reserved 1081344K
  class space    used 4762K, committed 4864K, reserved 1048576K
}
Event: 9.287 GC heap before
{Heap before GC invocations=10 (full 0):
 garbage-first heap   total 69632K, used 44744K [0x0000000682400000, 0x0000000800000000)
  region size 4096K, 9 young (36864K), 2 survivors (8192K)
 Metaspace       used 42434K, committed 42816K, reserved 1089536K
  class space    used 5775K, committed 5952K, reserved 1048576K
}
Event: 9.293 GC heap after
{Heap after GC invocations=11 (full 0):
 garbage-first heap   total 69632K, used 17951K [0x0000000682400000, 0x0000000800000000)
  region size 4096K, 2 young (8192K), 2 survivors (8192K)
 Metaspace       used 42434K, committed 42816K, reserved 1089536K
  class space    used 5775K, committed 5952K, reserved 1048576K
}
Event: 10.400 GC heap before
{Heap before GC invocations=11 (full 0):
 garbage-first heap   total 69632K, used 46623K [0x0000000682400000, 0x0000000800000000)
  region size 4096K, 9 young (36864K), 2 survivors (8192K)
 Metaspace       used 47480K, committed 47872K, reserved 1097728K
  class space    used 6483K, committed 6656K, reserved 1048576K
}
Event: 10.406 GC heap after
{Heap after GC invocations=12 (full 0):
 garbage-first heap   total 69632K, used 20185K [0x0000000682400000, 0x0000000800000000)
  region size 4096K, 2 young (8192K), 2 survivors (8192K)
 Metaspace       used 47480K, committed 47872K, reserved 1097728K
  class space    used 6483K, committed 6656K, reserved 1048576K
}
Event: 11.136 GC heap before
{Heap before GC invocations=12 (full 0):
 garbage-first heap   total 69632K, used 48857K [0x0000000682400000, 0x0000000800000000)
  region size 4096K, 9 young (36864K), 2 survivors (8192K)
 Metaspace       used 49918K, committed 50304K, reserved 1097728K
  class space    used 6798K, committed 6976K, reserved 1048576K
}
Event: 11.143 GC heap after
{Heap after GC invocations=13 (full 0):
 garbage-first heap   total 69632K, used 22051K [0x0000000682400000, 0x0000000800000000)
  region size 4096K, 2 young (8192K), 2 survivors (8192K)
 Metaspace       used 49918K, committed 50304K, reserved 1097728K
  class space    used 6798K, committed 6976K, reserved 1048576K
}
Event: 17.375 GC heap before
{Heap before GC invocations=13 (full 0):
 garbage-first heap   total 69632K, used 46627K [0x0000000682400000, 0x0000000800000000)
  region size 4096K, 9 young (36864K), 2 survivors (8192K)
 Metaspace       used 55347K, committed 55744K, reserved 1097728K
  class space    used 7390K, committed 7616K, reserved 1048576K
}
Event: 17.384 GC heap after
{Heap after GC invocations=14 (full 0):
 garbage-first heap   total 69632K, used 24374K [0x0000000682400000, 0x0000000800000000)
  region size 4096K, 2 young (8192K), 2 survivors (8192K)
 Metaspace       used 55347K, committed 55744K, reserved 1097728K
  class space    used 7390K, committed 7616K, reserved 1048576K
}

